<?xml version="1.0" encoding="UTF-8"?>
<!-- Generated by org.testng.reporters.JUnitReportReporter -->
<testsuite skipped="0" hostname="RITIKA" name="com.vtiger.test.HelpdeskTest1" tests="1" failures="0" timestamp="2021-06-10T17:01:29 PDT" time="3.767" errors="0">
  <testcase name="VerifyHelpdesktestt" time="3.767" classname="com.vtiger.test.HelpdeskTest1"/>
  <system-out/>
</testsuite> <!-- com.vtiger.test.HelpdeskTest1 -->
