<?xml version="1.0" encoding="UTF-8"?>
<!-- Generated by org.testng.reporters.JUnitReportReporter -->
<testsuite skipped="0" hostname="RITIKA" name="com.vtiger.test.ReportTest1" tests="1" failures="0" timestamp="2021-06-14T16:58:02 PDT" time="9.367" errors="0">
  <testcase name="verifyreports" time="9.367" classname="com.vtiger.test.ReportTest1"/>
  <system-out/>
</testsuite> <!-- com.vtiger.test.ReportTest1 -->
