<?xml version="1.0" encoding="UTF-8"?>
<!-- Generated by org.testng.reporters.JUnitReportReporter -->
<testsuite skipped="0" hostname="RITIKA" name="com.vtiger.test.AccountTest1" tests="1" failures="0" timestamp="2021-06-14T11:26:53 PDT" time="9.504" errors="0">
  <testcase name="verifyaccounttest" time="9.504" classname="com.vtiger.test.AccountTest1"/>
  <system-out/>
</testsuite> <!-- com.vtiger.test.AccountTest1 -->
