<?xml version="1.0" encoding="UTF-8"?>
<!-- Generated by org.testng.reporters.JUnitReportReporter -->
<testsuite skipped="0" hostname="RITIKA" name="com.vtiger.test.ProductTest1" tests="1" failures="0" timestamp="2021-06-12T09:44:44 PDT" time="5.717" errors="0">
  <testcase name="producttesting" time="5.717" classname="com.vtiger.test.ProductTest1"/>
  <system-out/>
</testsuite> <!-- com.vtiger.test.ProductTest1 -->
