<?xml version="1.0" encoding="UTF-8"?>
<!-- Generated by org.testng.reporters.JUnitReportReporter -->
<testsuite skipped="0" hostname="RITIKA" name="com.vtiger.test.DashBoardTest1" tests="1" failures="0" timestamp="2021-06-14T21:12:41 PDT" time="61.719" errors="0">
  <testcase name="verifyDash" time="61.719" classname="com.vtiger.test.DashBoardTest1"/>
  <system-out/>
</testsuite> <!-- com.vtiger.test.DashBoardTest1 -->
