<?xml version="1.0" encoding="UTF-8"?>
<!-- Generated by org.testng.reporters.JUnitReportReporter -->
<testsuite skipped="0" hostname="RITIKA" name="com.vtiger.test.SalesOrderTest" tests="1" failures="0" timestamp="2021-06-14T17:39:06 PDT" time="14.400" errors="0">
  <testcase name="VerifySalesOrder" time="14.400" classname="com.vtiger.test.SalesOrderTest"/>
  <system-out/>
</testsuite> <!-- com.vtiger.test.SalesOrderTest -->
