<?xml version="1.0" encoding="UTF-8"?>
<!-- Generated by org.testng.reporters.JUnitReportReporter -->
<testsuite skipped="0" hostname="RITIKA" name="com.vtiger.test.MyAccountTest" tests="1" failures="0" timestamp="2021-06-13T23:48:46 PDT" time="1.516" errors="0">
  <testcase name="VerifyAccounts" time="1.516" classname="com.vtiger.test.MyAccountTest"/>
  <system-out/>
</testsuite> <!-- com.vtiger.test.MyAccountTest -->
