<?xml version="1.0" encoding="UTF-8"?>
<!-- Generated by org.testng.reporters.JUnitReportReporter -->
<testsuite skipped="0" hostname="RITIKA" name="com.vtiger.test.ContactsTest" tests="1" failures="0" timestamp="2021-06-12T09:50:25 PDT" time="8.938" errors="0">
  <testcase name="ContactsTesting" time="8.938" classname="com.vtiger.test.ContactsTest"/>
  <system-out/>
</testsuite> <!-- com.vtiger.test.ContactsTest -->
