<?xml version="1.0" encoding="UTF-8"?>
<!-- Generated by org.testng.reporters.JUnitReportReporter -->
<testsuite skipped="0" hostname="RITIKA" name="com.vtiger.test.EmailTest" tests="1" failures="0" timestamp="2021-06-14T13:18:32 PDT" time="6.459" errors="0">
  <testcase name="emailtested" time="6.459" classname="com.vtiger.test.EmailTest"/>
  <system-out/>
</testsuite> <!-- com.vtiger.test.EmailTest -->
