<?xml version="1.0" encoding="UTF-8"?>
<!-- Generated by org.testng.reporters.JUnitReportReporter -->
<testsuite skipped="0" hostname="RITIKA" name="com.vtiger.test.HomeTest1" tests="1" failures="0" timestamp="2021-06-08T23:47:52 PDT" time="0.223" errors="0">
  <testcase name="verifyhometest" time="0.223" classname="com.vtiger.test.HomeTest1"/>
  <system-out/>
</testsuite> <!-- com.vtiger.test.HomeTest1 -->
