<?xml version="1.0" encoding="UTF-8"?>
<!-- Generated by org.testng.reporters.JUnitReportReporter -->
<testsuite skipped="0" hostname="RITIKA" name="com.vtiger.test.TicketTest1" tests="1" failures="0" timestamp="2021-06-13T22:18:52 PDT" time="13.988" errors="0">
  <testcase name="tickettest" time="13.988" classname="com.vtiger.test.TicketTest1"/>
  <system-out/>
</testsuite> <!-- com.vtiger.test.TicketTest1 -->
