<?xml version="1.0" encoding="UTF-8"?>
<!-- Generated by org.testng.reporters.JUnitReportReporter -->
<testsuite skipped="0" hostname="RITIKA" name="com.vtiger.test.PotentialsTest" tests="1" failures="0" timestamp="2021-06-14T12:48:47 PDT" time="5.524" errors="0">
  <testcase name="VerifyPotentialTest" time="5.524" classname="com.vtiger.test.PotentialsTest"/>
  <system-out/>
</testsuite> <!-- com.vtiger.test.PotentialsTest -->
