<?xml version="1.0" encoding="UTF-8"?>
<!-- Generated by org.testng.reporters.JUnitReportReporter -->
<testsuite skipped="0" hostname="RITIKA" name="com.vtiger.test.NewEventTest" tests="1" failures="0" timestamp="2021-06-14T21:13:12 PDT" time="1.541" errors="0">
  <testcase name="newly" time="1.541" classname="com.vtiger.test.NewEventTest"/>
  <system-out/>
</testsuite> <!-- com.vtiger.test.NewEventTest -->
