<?xml version="1.0" encoding="UTF-8"?>
<!-- Generated by org.testng.reporters.JUnitReportReporter -->
<testsuite skipped="0" hostname="RITIKA" name="com.vtiger.test.SettingsTest1" tests="1" failures="0" timestamp="2021-06-14T17:01:40 PDT" time="9.979" errors="0">
  <testcase name="verifycustom" time="9.979" classname="com.vtiger.test.SettingsTest1"/>
  <system-out/>
</testsuite> <!-- com.vtiger.test.SettingsTest1 -->
