<?xml version="1.0" encoding="UTF-8"?>
<!-- Generated by org.testng.reporters.JUnitReportReporter -->
<testsuite skipped="0" hostname="RITIKA" name="com.vtiger.test.ShowSubMenuTest" tests="1" failures="0" timestamp="2021-06-14T13:46:53 PDT" time="2.233" errors="0">
  <testcase name="SubMenuTest" time="2.233" classname="com.vtiger.test.ShowSubMenuTest"/>
  <system-out/>
</testsuite> <!-- com.vtiger.test.ShowSubMenuTest -->
