<?xml version="1.0" encoding="UTF-8"?>
<!-- Generated by org.testng.reporters.JUnitReportReporter -->
<testsuite skipped="0" hostname="RITIKA" name="com.vtiger.test.ActivtiesTest1" tests="1" failures="0" timestamp="2021-06-14T15:51:41 PDT" time="2.444" errors="0">
  <testcase name="VerifyTesting" time="2.444" classname="com.vtiger.test.ActivtiesTest1"/>
  <system-out/>
</testsuite> <!-- com.vtiger.test.ActivtiesTest1 -->
