<?xml version="1.0" encoding="UTF-8"?>
<!-- Generated by org.testng.reporters.JUnitReportReporter -->
<testsuite skipped="0" hostname="RITIKA" name="com.vtiger.test.LeadTest1" tests="1" failures="0" timestamp="2021-06-08T23:49:16 PDT" time="33.549" errors="0">
  <testcase name="leadcreation" time="33.549" classname="com.vtiger.test.LeadTest1"/>
  <system-out/>
</testsuite> <!-- com.vtiger.test.LeadTest1 -->
